 ======================>     TALLY 1: ABS. TALLY     <======================

 Incoming Energy [0.0, 0.625)
   Cell 1
     H1
       Absorption Rate                      0.209772 +/- 0.000211937
     O16
       Absorption Rate                      6.05358e-05 +/- 6.11575e-08
     U235
       Absorption Rate                      0.396307 +/- 0.000403976
     U238
       Absorption Rate                      0.157535 +/- 0.000158923
 Incoming Energy [0.625, 20000000.0)
   Cell 1
     H1
       Absorption Rate                      0.00535421 +/- 3.76250e-06
     O16
       Absorption Rate                      0.00237293 +/- 8.64980e-06
     U235
       Absorption Rate                      0.0158282 +/- 1.17016e-05
     U238
       Absorption Rate                      0.177426 +/- 0.000268046
 ====================>     TALLY 2: FISSION TALLY     <=====================

 Incoming Energy [0.0, 0.625)
   Cell 1
     U235
       Fission Rate                         0.338286 +/- 0.000344919
       Nu-Fission Rate                      0.824302 +/- 0.000840464
     U238
       Fission Rate                         9.84729e-07 +/- 9.94026e-10
       Nu-Fission Rate                      2.45403e-06 +/- 2.47720e-09
 Incoming Energy [0.625, 20000000.0)
   Cell 1
     U235
       Fission Rate                         0.0106042 +/- 7.68984e-06
       Nu-Fission Rate                      0.0259772 +/- 1.87430e-05
     U238
       Fission Rate                         0.0149715 +/- 1.64901e-05
       Nu-Fission Rate                      0.0420702 +/- 4.86848e-05
