 ======================>     TALLY 14: ABS. FUEL     <======================

 Incoming Energy [0.0, 0.625)
   Distributed Cell u30->c37->l29(0,0)->u26->c33
     U235
       Absorption Rate                      0.0358875 +/- 0.000212646
     U238
       Absorption Rate                      0.0149434 +/- 8.75888e-05
   Distributed Cell u30->c37->l29(1,0)->u26->c33
     U235
       Absorption Rate                      0.0371053 +/- 0.000207294
     U238
       Absorption Rate                      0.0154559 +/- 8.69793e-05
   Distributed Cell u30->c37->l29(0,1)->u26->c33
     U235
       Absorption Rate                      0.0346188 +/- 0.000224389
     U238
       Absorption Rate                      0.0144219 +/- 9.37546e-05
   Distributed Cell u30->c37->l29(1,1)->u26->c33
     U235
       Absorption Rate                      0.0357966 +/- 0.00020171
     U238
       Absorption Rate                      0.0149067 +/- 8.42794e-05
 Incoming Energy [0.625, 20000000.0)
   Distributed Cell u30->c37->l29(0,0)->u26->c33
     U235
       Absorption Rate                      0.0117144 +/- 7.30967e-05
     U238
       Absorption Rate                      0.0807379 +/- 0.000373926
   Distributed Cell u30->c37->l29(1,0)->u26->c33
     U235
       Absorption Rate                      0.0123005 +/- 7.52075e-05
     U238
       Absorption Rate                      0.0846813 +/- 0.000395775
   Distributed Cell u30->c37->l29(0,1)->u26->c33
     U235
       Absorption Rate                      0.0114208 +/- 6.43117e-05
     U238
       Absorption Rate                      0.0782424 +/- 0.00033756
   Distributed Cell u30->c37->l29(1,1)->u26->c33
     U235
       Absorption Rate                      0.0116945 +/- 6.91076e-05
     U238
       Absorption Rate                      0.0810008 +/- 0.000373071
 ====================>     TALLY 15: ABS. MOD REFL     <====================

 Incoming Energy [0.0, 0.625)
   Cell 38
     H1
       Absorption Rate                      0.116528 +/- 0.000399965
     O16
       Absorption Rate                      3.33517e-05 +/- 1.14474e-07
 Incoming Energy [0.625, 20000000.0)
   Cell 38
     H1
       Absorption Rate                      0.000777555 +/- 2.81994e-06
     O16
       Absorption Rate                      0.000181216 +/- 3.07847e-06
 ====================>     TALLY 16: ABS. MOD FUEL     <====================

 Incoming Energy [0.0, 0.625)
   Distributed Cell u30->c37->l29(0,0)->u26->c34
     H1
       Absorption Rate                      0.0729517 +/- 0.00028023
     O16
       Absorption Rate                      2.08799e-05 +/- 8.02058e-08
   Distributed Cell u30->c37->l29(1,0)->u26->c34
     H1
       Absorption Rate                      0.0751757 +/- 0.000320301
     O16
       Absorption Rate                      2.15165e-05 +/- 9.16749e-08
   Distributed Cell u30->c37->l29(0,1)->u26->c34
     H1
       Absorption Rate                      0.0702834 +/- 0.000348934
     O16
       Absorption Rate                      2.01162e-05 +/- 9.98699e-08
   Distributed Cell u30->c37->l29(1,1)->u26->c34
     H1
       Absorption Rate                      0.0721675 +/- 0.00028999
     O16
       Absorption Rate                      2.06555e-05 +/- 8.29992e-08
 Incoming Energy [0.625, 20000000.0)
   Distributed Cell u30->c37->l29(0,0)->u26->c34
     H1
       Absorption Rate                      0.0008715 +/- 3.53633e-06
     O16
       Absorption Rate                      0.000164196 +/- 2.06926e-06
   Distributed Cell u30->c37->l29(1,0)->u26->c34
     H1
       Absorption Rate                      0.000901517 +/- 3.79289e-06
     O16
       Absorption Rate                      0.000169411 +/- 1.97962e-06
   Distributed Cell u30->c37->l29(0,1)->u26->c34
     H1
       Absorption Rate                      0.000838024 +/- 3.75720e-06
     O16
       Absorption Rate                      0.000163695 +/- 2.00999e-06
   Distributed Cell u30->c37->l29(1,1)->u26->c34
     H1
       Absorption Rate                      0.000862617 +/- 3.63354e-06
     O16
       Absorption Rate                      0.00016769 +/- 1.75796e-06
 ====================>     TALLY 17: FISSION TALLY     <====================

 Incoming Energy [0.0, 0.625)
   Distributed Cell u30->c37->l29(0,0)->u26->c33
     U235
       Fission Rate                         0.0306794 +/- 0.000181657
       Nu-Fission Rate                      0.0747564 +/- 0.000442643
     U238
       Fission Rate                         9.32051e-08 +/- 5.46700e-10
       Nu-Fission Rate                      2.32275e-07 +/- 1.36242e-09
   Distributed Cell u30->c37->l29(1,0)->u26->c33
     U235
       Fission Rate                         0.0317209 +/- 0.000177205
       Nu-Fission Rate                      0.0772943 +/- 0.000431795
     U238
       Fission Rate                         9.64037e-08 +/- 5.42342e-10
       Nu-Fission Rate                      2.40246e-07 +/- 1.35156e-09
   Distributed Cell u30->c37->l29(0,1)->u26->c33
     U235
       Fission Rate                         0.0295956 +/- 0.000191702
       Nu-Fission Rate                      0.0721157 +/- 0.00046712
     U238
       Fission Rate                         8.99492e-08 +/- 5.84483e-10
       Nu-Fission Rate                      2.24161e-07 +/- 1.45658e-09
   Distributed Cell u30->c37->l29(1,1)->u26->c33
     U235
       Fission Rate                         0.0306016 +/- 0.000172638
       Nu-Fission Rate                      0.0745669 +/- 0.000420668
     U238
       Fission Rate                         9.29773e-08 +/- 5.25929e-10
       Nu-Fission Rate                      2.31708e-07 +/- 1.31066e-09
 Incoming Energy [0.625, 20000000.0)
   Distributed Cell u30->c37->l29(0,0)->u26->c33
     U235
       Fission Rate                         0.00875833 +/- 5.33370e-05
       Nu-Fission Rate                      0.0215943 +/- 0.000130671
     U238
       Fission Rate                         0.0190912 +/- 9.10060e-05
       Nu-Fission Rate                      0.0532987 +/- 0.000257373
   Distributed Cell u30->c37->l29(1,0)->u26->c33
     U235
       Fission Rate                         0.00921067 +/- 5.44668e-05
       Nu-Fission Rate                      0.0227098 +/- 0.00013345
     U238
       Fission Rate                         0.0201607 +/- 9.78801e-05
       Nu-Fission Rate                      0.0562663 +/- 0.000277304
   Distributed Cell u30->c37->l29(0,1)->u26->c33
     U235
       Fission Rate                         0.00854002 +/- 4.71503e-05
       Nu-Fission Rate                      0.0210542 +/- 0.000115688
     U238
       Fission Rate                         0.0184558 +/- 9.56638e-05
       Nu-Fission Rate                      0.0514936 +/- 0.000269549
   Distributed Cell u30->c37->l29(1,1)->u26->c33
     U235
       Fission Rate                         0.0087528 +/- 5.11377e-05
       Nu-Fission Rate                      0.0215815 +/- 0.000125288
     U238
       Fission Rate                         0.0191362 +/- 9.11357e-05
       Nu-Fission Rate                      0.0534281 +/- 0.000256641
